{"timestamp":"2026-07-20T12:06:07.853Z","category":"api","severity":"info","event":"HTTP_REQUEST","sessionId":null,"message":"GET /api/admin/dashboard -> 200","meta":{"method":"GET","path":"/api/admin/dashboard","statusCode":200,"durationMs":40}}
{"timestamp":"2026-07-20T12:06:07.933Z","category":"api","severity":"info","event":"HTTP_REQUEST","sessionId":null,"message":"GET /api/admin/reports?range=weekly -> 200","meta":{"method":"GET","path":"/api/admin/reports?range=weekly","statusCode":200,"durationMs":37}}
{"timestamp":"2026-07-20T12:06:07.966Z","category":"api","severity":"info","event":"HTTP_REQUEST","sessionId":null,"message":"GET /api/admin/security -> 200","meta":{"method":"GET","path":"/api/admin/security","statusCode":200,"durationMs":19}}
{"timestamp":"2026-07-20T12:08:17.925Z","category":"api","severity":"info","event":"HTTP_REQUEST","sessionId":null,"message":"GET /api/auth/verify -> 304","meta":{"method":"GET","path":"/api/auth/verify","statusCode":304,"durationMs":3}}
{"timestamp":"2026-07-20T12:08:17.947Z","category":"api","severity":"info","event":"HTTP_REQUEST","sessionId":null,"message":"GET /api/auth/verify -> 304","meta":{"method":"GET","path":"/api/auth/verify","statusCode":304,"durationMs":2}}
{"timestamp":"2026-07-20T12:08:21.170Z","category":"api","severity":"info","event":"HTTP_REQUEST","sessionId":null,"message":"GET /api/auth/verify -> 304","meta":{"method":"GET","path":"/api/auth/verify","statusCode":304,"durationMs":1}}
{"timestamp":"2026-07-20T12:08:21.205Z","category":"api","severity":"info","event":"HTTP_REQUEST","sessionId":null,"message":"GET /api/auth/verify -> 304","meta":{"method":"GET","path":"/api/auth/verify","statusCode":304,"durationMs":2}}
{"timestamp":"2026-07-20T12:08:21.779Z","category":"api","severity":"info","event":"HTTP_REQUEST","sessionId":null,"message":"GET /api/admin/dashboard -> 200","meta":{"method":"GET","path":"/api/admin/dashboard","statusCode":200,"durationMs":8}}
{"timestamp":"2026-07-20T12:08:21.793Z","category":"api","severity":"info","event":"HTTP_REQUEST","sessionId":null,"message":"GET /api/admin/reports?range=weekly -> 200","meta":{"method":"GET","path":"/api/admin/reports?range=weekly","statusCode":200,"durationMs":3}}
{"timestamp":"2026-07-20T12:08:21.832Z","category":"api","severity":"info","event":"HTTP_REQUEST","sessionId":null,"message":"GET /api/admin/reports?range=weekly -> 200","meta":{"method":"GET","path":"/api/admin/reports?range=weekly","statusCode":200,"durationMs":2}}
{"timestamp":"2026-07-20T12:08:21.835Z","category":"api","severity":"info","event":"HTTP_REQUEST","sessionId":null,"message":"GET /api/admin/security -> 304","meta":{"method":"GET","path":"/api/admin/security","statusCode":304,"durationMs":39}}
{"timestamp":"2026-07-20T12:08:21.837Z","category":"api","severity":"info","event":"HTTP_REQUEST","sessionId":null,"message":"GET /api/admin/dashboard -> 200","meta":{"method":"GET","path":"/api/admin/dashboard","statusCode":200,"durationMs":10}}
{"timestamp":"2026-07-20T12:08:21.861Z","category":"api","severity":"info","event":"HTTP_REQUEST","sessionId":null,"message":"GET /api/admin/security -> 304","meta":{"method":"GET","path":"/api/admin/security","statusCode":304,"durationMs":13}}
{"timestamp":"2026-07-20T12:08:27.275Z","category":"api","severity":"info","event":"HTTP_REQUEST","sessionId":null,"message":"GET /api/admin/system-logs/ai?page=1&limit=25 -> 200","meta":{"method":"GET","path":"/api/admin/system-logs/ai?page=1&limit=25","statusCode":200,"durationMs":2}}
{"timestamp":"2026-07-20T12:08:27.307Z","category":"api","severity":"info","event":"HTTP_REQUEST","sessionId":null,"message":"GET /api/admin/system-logs/ai?page=1&limit=25 -> 304","meta":{"method":"GET","path":"/api/admin/system-logs/ai?page=1&limit=25","statusCode":304,"durationMs":28}}
{"timestamp":"2026-07-20T12:08:32.689Z","category":"api","severity":"info","event":"HTTP_REQUEST","sessionId":null,"message":"GET /api/admin/system-logs/ai?page=1&limit=25 -> 304","meta":{"method":"GET","path":"/api/admin/system-logs/ai?page=1&limit=25","statusCode":304,"durationMs":4}}
{"timestamp":"2026-07-20T12:08:32.713Z","category":"api","severity":"info","event":"HTTP_REQUEST","sessionId":null,"message":"GET /api/admin/system-logs/ai?page=1&limit=25 -> 304","meta":{"method":"GET","path":"/api/admin/system-logs/ai?page=1&limit=25","statusCode":304,"durationMs":20}}
{"timestamp":"2026-07-20T12:08:34.810Z","category":"api","severity":"info","event":"HTTP_REQUEST","sessionId":null,"message":"GET /api/admin/system-logs/ai?page=1&limit=25 -> 304","meta":{"method":"GET","path":"/api/admin/system-logs/ai?page=1&limit=25","statusCode":304,"durationMs":5}}
{"timestamp":"2026-07-20T12:08:34.844Z","category":"api","severity":"info","event":"HTTP_REQUEST","sessionId":null,"message":"GET /api/admin/system-logs/ai?page=1&limit=25 -> 304","meta":{"method":"GET","path":"/api/admin/system-logs/ai?page=1&limit=25","statusCode":304,"durationMs":17}}
{"timestamp":"2026-07-20T12:09:16.163Z","category":"api","severity":"info","event":"HTTP_REQUEST","sessionId":null,"message":"GET /api/auth/verify -> 200","meta":{"method":"GET","path":"/api/auth/verify","statusCode":200,"durationMs":1}}
{"timestamp":"2026-07-20T12:09:16.190Z","category":"api","severity":"info","event":"HTTP_REQUEST","sessionId":null,"message":"GET /api/auth/verify -> 304","meta":{"method":"GET","path":"/api/auth/verify","statusCode":304,"durationMs":1}}
{"timestamp":"2026-07-20T12:09:26.416Z","category":"api","severity":"error","event":"HTTP_REQUEST","sessionId":"a764c59e-0ef4-47e3-8e09-1ac0272a1da3","message":"POST /api/chat -> 503","meta":{"method":"POST","path":"/api/chat","statusCode":503,"durationMs":2446}}
{"timestamp":"2026-07-20T12:09:36.948Z","category":"api","severity":"info","event":"HTTP_REQUEST","sessionId":null,"message":"GET /api/admin/reports?range=weekly -> 200","meta":{"method":"GET","path":"/api/admin/reports?range=weekly","statusCode":200,"durationMs":3}}
{"timestamp":"2026-07-20T12:09:36.955Z","category":"api","severity":"info","event":"HTTP_REQUEST","sessionId":null,"message":"GET /api/admin/reports?range=weekly -> 200","meta":{"method":"GET","path":"/api/admin/reports?range=weekly","statusCode":200,"durationMs":2}}
{"timestamp":"2026-07-20T12:09:36.959Z","category":"api","severity":"info","event":"HTTP_REQUEST","sessionId":null,"message":"GET /api/admin/security -> 200","meta":{"method":"GET","path":"/api/admin/security","statusCode":200,"durationMs":18}}
{"timestamp":"2026-07-20T12:09:36.988Z","category":"api","severity":"info","event":"HTTP_REQUEST","sessionId":null,"message":"GET /api/admin/dashboard -> 200","meta":{"method":"GET","path":"/api/admin/dashboard","statusCode":200,"durationMs":37}}
{"timestamp":"2026-07-20T12:09:37.019Z","category":"api","severity":"info","event":"HTTP_REQUEST","sessionId":null,"message":"GET /api/admin/security -> 200","meta":{"method":"GET","path":"/api/admin/security","statusCode":200,"durationMs":54}}
{"timestamp":"2026-07-20T12:09:37.024Z","category":"api","severity":"info","event":"HTTP_REQUEST","sessionId":null,"message":"GET /api/admin/dashboard -> 200","meta":{"method":"GET","path":"/api/admin/dashboard","statusCode":200,"durationMs":26}}
{"timestamp":"2026-07-20T12:09:50.186Z","category":"api","severity":"info","event":"HTTP_REQUEST","sessionId":null,"message":"GET /api/admin/system-logs/ai?page=1&limit=25 -> 200","meta":{"method":"GET","path":"/api/admin/system-logs/ai?page=1&limit=25","statusCode":200,"durationMs":6}}
{"timestamp":"2026-07-20T12:09:50.259Z","category":"api","severity":"info","event":"HTTP_REQUEST","sessionId":null,"message":"GET /api/admin/system-logs/ai?page=1&limit=25 -> 304","meta":{"method":"GET","path":"/api/admin/system-logs/ai?page=1&limit=25","statusCode":304,"durationMs":60}}
{"timestamp":"2026-07-20T12:09:52.839Z","category":"api","severity":"info","event":"HTTP_REQUEST","sessionId":null,"message":"GET /api/admin/system-logs/auth?page=1&limit=25 -> 200","meta":{"method":"GET","path":"/api/admin/system-logs/auth?page=1&limit=25","statusCode":200,"durationMs":2}}
{"timestamp":"2026-07-20T12:09:53.706Z","category":"api","severity":"info","event":"HTTP_REQUEST","sessionId":null,"message":"GET /api/admin/system-logs/uploads?page=1&limit=25 -> 200","meta":{"method":"GET","path":"/api/admin/system-logs/uploads?page=1&limit=25","statusCode":200,"durationMs":2}}
{"timestamp":"2026-07-20T12:09:54.155Z","category":"api","severity":"info","event":"HTTP_REQUEST","sessionId":null,"message":"GET /api/admin/system-logs/errors?page=1&limit=25 -> 200","meta":{"method":"GET","path":"/api/admin/system-logs/errors?page=1&limit=25","statusCode":200,"durationMs":3}}
{"timestamp":"2026-07-20T12:10:04.888Z","category":"api","severity":"info","event":"HTTP_REQUEST","sessionId":null,"message":"GET /api/admin/system-logs/performance?page=1&limit=25 -> 200","meta":{"method":"GET","path":"/api/admin/system-logs/performance?page=1&limit=25","statusCode":200,"durationMs":3}}
{"timestamp":"2026-07-20T12:10:05.557Z","category":"api","severity":"info","event":"HTTP_REQUEST","sessionId":null,"message":"GET /api/admin/system-logs/system?page=1&limit=25 -> 200","meta":{"method":"GET","path":"/api/admin/system-logs/system?page=1&limit=25","statusCode":200,"durationMs":2}}
{"timestamp":"2026-07-20T12:10:06.032Z","category":"api","severity":"info","event":"HTTP_REQUEST","sessionId":null,"message":"GET /api/admin/system-logs/vision?page=1&limit=25 -> 200","meta":{"method":"GET","path":"/api/admin/system-logs/vision?page=1&limit=25","statusCode":200,"durationMs":2}}
{"timestamp":"2026-07-20T12:10:06.608Z","category":"api","severity":"info","event":"HTTP_REQUEST","sessionId":null,"message":"GET /api/admin/system-logs/ocr?page=1&limit=25 -> 200","meta":{"method":"GET","path":"/api/admin/system-logs/ocr?page=1&limit=25","statusCode":200,"durationMs":2}}
{"timestamp":"2026-07-20T12:10:07.631Z","category":"api","severity":"info","event":"HTTP_REQUEST","sessionId":null,"message":"GET /api/admin/system-logs/performance?page=1&limit=25 -> 304","meta":{"method":"GET","path":"/api/admin/system-logs/performance?page=1&limit=25","statusCode":304,"durationMs":3}}
{"timestamp":"2026-07-20T12:10:08.471Z","category":"api","severity":"info","event":"HTTP_REQUEST","sessionId":null,"message":"GET /api/admin/system-logs/errors?page=1&limit=25 -> 304","meta":{"method":"GET","path":"/api/admin/system-logs/errors?page=1&limit=25","statusCode":304,"durationMs":2}}
{"timestamp":"2026-07-20T12:10:14.676Z","category":"api","severity":"info","event":"HTTP_REQUEST","sessionId":null,"message":"GET /api/admin/system-logs/errors/export -> 200","meta":{"method":"GET","path":"/api/admin/system-logs/errors/export","statusCode":200,"durationMs":3}}
{"timestamp":"2026-07-20T12:10:17.328Z","category":"api","severity":"info","event":"HTTP_REQUEST","sessionId":null,"message":"GET /api/admin/system-logs/uploads?page=1&limit=25 -> 304","meta":{"method":"GET","path":"/api/admin/system-logs/uploads?page=1&limit=25","statusCode":304,"durationMs":3}}
{"timestamp":"2026-07-20T12:10:18.532Z","category":"api","severity":"info","event":"HTTP_REQUEST","sessionId":null,"message":"GET /api/admin/system-logs/auth?page=1&limit=25 -> 304","meta":{"method":"GET","path":"/api/admin/system-logs/auth?page=1&limit=25","statusCode":304,"durationMs":3}}
{"timestamp":"2026-07-20T12:10:19.191Z","category":"api","severity":"info","event":"HTTP_REQUEST","sessionId":null,"message":"GET /api/admin/system-logs/ai?page=1&limit=25 -> 304","meta":{"method":"GET","path":"/api/admin/system-logs/ai?page=1&limit=25","statusCode":304,"durationMs":3}}
{"timestamp":"2026-07-20T12:10:20.672Z","category":"api","severity":"info","event":"HTTP_REQUEST","sessionId":null,"message":"GET /api/admin/system-logs/ai/export -> 200","meta":{"method":"GET","path":"/api/admin/system-logs/ai/export","statusCode":200,"durationMs":2}}
{"timestamp":"2026-07-20T12:28:16.790Z","category":"api","severity":"info","event":"HTTP_REQUEST","sessionId":null,"message":"GET /api/auth/verify -> 304","meta":{"method":"GET","path":"/api/auth/verify","statusCode":304,"durationMs":9}}
{"timestamp":"2026-07-20T12:28:16.795Z","category":"api","severity":"info","event":"HTTP_REQUEST","sessionId":null,"message":"GET /api/auth/verify -> 304","meta":{"method":"GET","path":"/api/auth/verify","statusCode":304,"durationMs":2}}
{"timestamp":"2026-07-20T12:28:17.276Z","category":"api","severity":"info","event":"HTTP_REQUEST","sessionId":null,"message":"GET /api/admin/system-logs/ai?page=1&limit=25 -> 304","meta":{"method":"GET","path":"/api/admin/system-logs/ai?page=1&limit=25","statusCode":304,"durationMs":33}}
{"timestamp":"2026-07-20T12:28:17.317Z","category":"api","severity":"info","event":"HTTP_REQUEST","sessionId":null,"message":"GET /api/admin/system-logs/ai?page=1&limit=25 -> 304","meta":{"method":"GET","path":"/api/admin/system-logs/ai?page=1&limit=25","statusCode":304,"durationMs":16}}
{"timestamp":"2026-07-20T12:28:18.738Z","category":"api","severity":"info","event":"HTTP_REQUEST","sessionId":null,"message":"GET /api/auth/verify -> 304","meta":{"method":"GET","path":"/api/auth/verify","statusCode":304,"durationMs":2}}
{"timestamp":"2026-07-20T12:28:18.747Z","category":"api","severity":"info","event":"HTTP_REQUEST","sessionId":null,"message":"GET /api/auth/verify -> 304","meta":{"method":"GET","path":"/api/auth/verify","statusCode":304,"durationMs":5}}
{"timestamp":"2026-07-20T12:28:28.354Z","category":"api","severity":"info","event":"HTTP_REQUEST","sessionId":null,"message":"GET /api/admin/system-logs/api?page=1&limit=25 -> 200","meta":{"method":"GET","path":"/api/admin/system-logs/api?page=1&limit=25","statusCode":200,"durationMs":6}}
{"timestamp":"2026-07-20T12:28:43.096Z","category":"api","severity":"info","event":"HTTP_REQUEST","sessionId":"45931ddf-7640-4431-a38b-980225219997","message":"POST /api/chat -> 200","meta":{"method":"POST","path":"/api/chat","statusCode":200,"durationMs":1347}}
{"timestamp":"2026-07-20T12:28:47.416Z","category":"api","severity":"info","event":"HTTP_REQUEST","sessionId":null,"message":"GET /api/admin/reports?range=weekly -> 200","meta":{"method":"GET","path":"/api/admin/reports?range=weekly","statusCode":200,"durationMs":4}}
{"timestamp":"2026-07-20T12:28:47.421Z","category":"api","severity":"info","event":"HTTP_REQUEST","sessionId":null,"message":"GET /api/admin/reports?range=weekly -> 200","meta":{"method":"GET","path":"/api/admin/reports?range=weekly","statusCode":200,"durationMs":1}}
{"timestamp":"2026-07-20T12:28:47.423Z","category":"api","severity":"info","event":"HTTP_REQUEST","sessionId":null,"message":"GET /api/admin/dashboard -> 200","meta":{"method":"GET","path":"/api/admin/dashboard","statusCode":200,"durationMs":14}}
{"timestamp":"2026-07-20T12:28:47.425Z","category":"api","severity":"info","event":"HTTP_REQUEST","sessionId":null,"message":"GET /api/admin/security -> 200","meta":{"method":"GET","path":"/api/admin/security","statusCode":200,"durationMs":8}}
{"timestamp":"2026-07-20T12:28:47.443Z","category":"api","severity":"info","event":"HTTP_REQUEST","sessionId":null,"message":"GET /api/admin/dashboard -> 200","meta":{"method":"GET","path":"/api/admin/dashboard","statusCode":200,"durationMs":17}}
{"timestamp":"2026-07-20T12:28:47.446Z","category":"api","severity":"info","event":"HTTP_REQUEST","sessionId":null,"message":"GET /api/admin/security -> 304","meta":{"method":"GET","path":"/api/admin/security","statusCode":304,"durationMs":5}}
{"timestamp":"2026-07-20T12:29:12.401Z","category":"api","severity":"info","event":"HTTP_REQUEST","sessionId":"ef2309e7-dd5b-4561-9db4-f0f1568ce2a1","message":"POST /api/chat -> 200","meta":{"method":"POST","path":"/api/chat","statusCode":200,"durationMs":1523}}
{"timestamp":"2026-07-20T12:29:17.952Z","category":"api","severity":"info","event":"HTTP_REQUEST","sessionId":null,"message":"GET /api/admin/reports?range=weekly -> 200","meta":{"method":"GET","path":"/api/admin/reports?range=weekly","statusCode":200,"durationMs":1}}
{"timestamp":"2026-07-20T12:29:17.956Z","category":"api","severity":"info","event":"HTTP_REQUEST","sessionId":null,"message":"GET /api/admin/dashboard -> 200","meta":{"method":"GET","path":"/api/admin/dashboard","statusCode":200,"durationMs":7}}
{"timestamp":"2026-07-20T12:29:17.958Z","category":"api","severity":"info","event":"HTTP_REQUEST","sessionId":null,"message":"GET /api/admin/security -> 200","meta":{"method":"GET","path":"/api/admin/security","statusCode":200,"durationMs":5}}
{"timestamp":"2026-07-20T12:29:18.947Z","category":"api","severity":"info","event":"HTTP_REQUEST","sessionId":"188c6edf-cd73-40f5-8849-01b00f170c85","message":"POST /api/chat -> 200","meta":{"method":"POST","path":"/api/chat","statusCode":200,"durationMs":605}}
{"timestamp":"2026-07-20T12:29:29.657Z","category":"api","severity":"info","event":"HTTP_REQUEST","sessionId":"0547048d-44a1-409e-ac60-36435b518097","message":"POST /api/chat -> 200","meta":{"method":"POST","path":"/api/chat","statusCode":200,"durationMs":498}}
{"timestamp":"2026-07-20T12:29:47.965Z","category":"api","severity":"info","event":"HTTP_REQUEST","sessionId":null,"message":"GET /api/admin/reports?range=weekly -> 200","meta":{"method":"GET","path":"/api/admin/reports?range=weekly","statusCode":200,"durationMs":1}}
{"timestamp":"2026-07-20T12:29:47.969Z","category":"api","severity":"info","event":"HTTP_REQUEST","sessionId":null,"message":"GET /api/admin/dashboard -> 200","meta":{"method":"GET","path":"/api/admin/dashboard","statusCode":200,"durationMs":8}}
{"timestamp":"2026-07-20T12:29:47.971Z","category":"api","severity":"info","event":"HTTP_REQUEST","sessionId":null,"message":"GET /api/admin/security -> 200","meta":{"method":"GET","path":"/api/admin/security","statusCode":200,"durationMs":5}}
{"timestamp":"2026-07-20T12:29:57.941Z","category":"api","severity":"info","event":"HTTP_REQUEST","sessionId":"aee800bf-0e93-44f9-a155-4940aa4a6fcf","message":"GET /api/settings -> 200","meta":{"method":"GET","path":"/api/settings","statusCode":200,"durationMs":5}}
{"timestamp":"2026-07-20T12:29:57.980Z","category":"api","severity":"info","event":"HTTP_REQUEST","sessionId":"87250a7f-8f2d-4e57-8b08-a394e1370d52","message":"GET /api/settings -> 304","meta":{"method":"GET","path":"/api/settings","statusCode":304,"durationMs":4}}
{"timestamp":"2026-07-20T12:30:17.959Z","category":"api","severity":"info","event":"HTTP_REQUEST","sessionId":null,"message":"GET /api/admin/dashboard -> 200","meta":{"method":"GET","path":"/api/admin/dashboard","statusCode":200,"durationMs":6}}
{"timestamp":"2026-07-20T12:30:17.964Z","category":"api","severity":"info","event":"HTTP_REQUEST","sessionId":null,"message":"GET /api/admin/reports?range=weekly -> 200","meta":{"method":"GET","path":"/api/admin/reports?range=weekly","statusCode":200,"durationMs":3}}
{"timestamp":"2026-07-20T12:30:17.984Z","category":"api","severity":"info","event":"HTTP_REQUEST","sessionId":null,"message":"GET /api/admin/security -> 200","meta":{"method":"GET","path":"/api/admin/security","statusCode":200,"durationMs":14}}
{"timestamp":"2026-07-20T12:30:47.955Z","category":"api","severity":"info","event":"HTTP_REQUEST","sessionId":null,"message":"GET /api/admin/reports?range=weekly -> 200","meta":{"method":"GET","path":"/api/admin/reports?range=weekly","statusCode":200,"durationMs":1}}
{"timestamp":"2026-07-20T12:30:47.959Z","category":"api","severity":"info","event":"HTTP_REQUEST","sessionId":null,"message":"GET /api/admin/dashboard -> 200","meta":{"method":"GET","path":"/api/admin/dashboard","statusCode":200,"durationMs":7}}
{"timestamp":"2026-07-20T12:30:47.961Z","category":"api","severity":"info","event":"HTTP_REQUEST","sessionId":null,"message":"GET /api/admin/security -> 200","meta":{"method":"GET","path":"/api/admin/security","statusCode":200,"durationMs":5}}
{"timestamp":"2026-07-20T12:31:17.957Z","category":"api","severity":"info","event":"HTTP_REQUEST","sessionId":null,"message":"GET /api/admin/reports?range=weekly -> 200","meta":{"method":"GET","path":"/api/admin/reports?range=weekly","statusCode":200,"durationMs":1}}
{"timestamp":"2026-07-20T12:31:17.960Z","category":"api","severity":"info","event":"HTTP_REQUEST","sessionId":null,"message":"GET /api/admin/dashboard -> 200","meta":{"method":"GET","path":"/api/admin/dashboard","statusCode":200,"durationMs":6}}
{"timestamp":"2026-07-20T12:31:17.962Z","category":"api","severity":"info","event":"HTTP_REQUEST","sessionId":null,"message":"GET /api/admin/security -> 200","meta":{"method":"GET","path":"/api/admin/security","statusCode":200,"durationMs":4}}
{"timestamp":"2026-07-20T12:31:47.965Z","category":"api","severity":"info","event":"HTTP_REQUEST","sessionId":null,"message":"GET /api/admin/reports?range=weekly -> 200","meta":{"method":"GET","path":"/api/admin/reports?range=weekly","statusCode":200,"durationMs":1}}
{"timestamp":"2026-07-20T12:31:47.968Z","category":"api","severity":"info","event":"HTTP_REQUEST","sessionId":null,"message":"GET /api/admin/dashboard -> 200","meta":{"method":"GET","path":"/api/admin/dashboard","statusCode":200,"durationMs":7}}
{"timestamp":"2026-07-20T12:31:47.971Z","category":"api","severity":"info","event":"HTTP_REQUEST","sessionId":null,"message":"GET /api/admin/security -> 200","meta":{"method":"GET","path":"/api/admin/security","statusCode":200,"durationMs":6}}
{"timestamp":"2026-07-20T12:32:47.960Z","category":"api","severity":"info","event":"HTTP_REQUEST","sessionId":null,"message":"GET /api/admin/reports?range=weekly -> 200","meta":{"method":"GET","path":"/api/admin/reports?range=weekly","statusCode":200,"durationMs":1}}
{"timestamp":"2026-07-20T12:32:47.964Z","category":"api","severity":"info","event":"HTTP_REQUEST","sessionId":null,"message":"GET /api/admin/dashboard -> 200","meta":{"method":"GET","path":"/api/admin/dashboard","statusCode":200,"durationMs":8}}
{"timestamp":"2026-07-20T12:32:47.966Z","category":"api","severity":"info","event":"HTTP_REQUEST","sessionId":null,"message":"GET /api/admin/security -> 200","meta":{"method":"GET","path":"/api/admin/security","statusCode":200,"durationMs":5}}
{"timestamp":"2026-07-20T12:33:48.951Z","category":"api","severity":"info","event":"HTTP_REQUEST","sessionId":null,"message":"GET /api/admin/reports?range=weekly -> 200","meta":{"method":"GET","path":"/api/admin/reports?range=weekly","statusCode":200,"durationMs":2}}
{"timestamp":"2026-07-20T12:33:48.954Z","category":"api","severity":"info","event":"HTTP_REQUEST","sessionId":null,"message":"GET /api/admin/dashboard -> 200","meta":{"method":"GET","path":"/api/admin/dashboard","statusCode":200,"durationMs":7}}
{"timestamp":"2026-07-20T12:33:48.956Z","category":"api","severity":"info","event":"HTTP_REQUEST","sessionId":null,"message":"GET /api/admin/security -> 200","meta":{"method":"GET","path":"/api/admin/security","statusCode":200,"durationMs":5}}
{"timestamp":"2026-07-20T12:34:49.955Z","category":"api","severity":"info","event":"HTTP_REQUEST","sessionId":null,"message":"GET /api/admin/reports?range=weekly -> 200","meta":{"method":"GET","path":"/api/admin/reports?range=weekly","statusCode":200,"durationMs":2}}
{"timestamp":"2026-07-20T12:34:49.958Z","category":"api","severity":"info","event":"HTTP_REQUEST","sessionId":null,"message":"GET /api/admin/dashboard -> 200","meta":{"method":"GET","path":"/api/admin/dashboard","statusCode":200,"durationMs":8}}
{"timestamp":"2026-07-20T12:34:49.959Z","category":"api","severity":"info","event":"HTTP_REQUEST","sessionId":null,"message":"GET /api/admin/security -> 200","meta":{"method":"GET","path":"/api/admin/security","statusCode":200,"durationMs":3}}
{"timestamp":"2026-07-20T12:35:50.958Z","category":"api","severity":"info","event":"HTTP_REQUEST","sessionId":null,"message":"GET /api/admin/reports?range=weekly -> 200","meta":{"method":"GET","path":"/api/admin/reports?range=weekly","statusCode":200,"durationMs":1}}
{"timestamp":"2026-07-20T12:35:50.962Z","category":"api","severity":"info","event":"HTTP_REQUEST","sessionId":null,"message":"GET /api/admin/dashboard -> 200","meta":{"method":"GET","path":"/api/admin/dashboard","statusCode":200,"durationMs":8}}
{"timestamp":"2026-07-20T12:35:50.964Z","category":"api","severity":"info","event":"HTTP_REQUEST","sessionId":null,"message":"GET /api/admin/security -> 200","meta":{"method":"GET","path":"/api/admin/security","statusCode":200,"durationMs":5}}
{"timestamp":"2026-07-20T12:36:51.963Z","category":"api","severity":"info","event":"HTTP_REQUEST","sessionId":null,"message":"GET /api/admin/reports?range=weekly -> 200","meta":{"method":"GET","path":"/api/admin/reports?range=weekly","statusCode":200,"durationMs":2}}
{"timestamp":"2026-07-20T12:36:51.967Z","category":"api","severity":"info","event":"HTTP_REQUEST","sessionId":null,"message":"GET /api/admin/dashboard -> 200","meta":{"method":"GET","path":"/api/admin/dashboard","statusCode":200,"durationMs":8}}
{"timestamp":"2026-07-20T12:36:51.970Z","category":"api","severity":"info","event":"HTTP_REQUEST","sessionId":null,"message":"GET /api/admin/security -> 200","meta":{"method":"GET","path":"/api/admin/security","statusCode":200,"durationMs":6}}
{"timestamp":"2026-07-20T12:37:52.951Z","category":"api","severity":"info","event":"HTTP_REQUEST","sessionId":null,"message":"GET /api/admin/reports?range=weekly -> 200","meta":{"method":"GET","path":"/api/admin/reports?range=weekly","statusCode":200,"durationMs":1}}
{"timestamp":"2026-07-20T12:37:52.954Z","category":"api","severity":"info","event":"HTTP_REQUEST","sessionId":null,"message":"GET /api/admin/dashboard -> 200","meta":{"method":"GET","path":"/api/admin/dashboard","statusCode":200,"durationMs":7}}
{"timestamp":"2026-07-20T12:37:52.956Z","category":"api","severity":"info","event":"HTTP_REQUEST","sessionId":null,"message":"GET /api/admin/security -> 200","meta":{"method":"GET","path":"/api/admin/security","statusCode":200,"durationMs":5}}
{"timestamp":"2026-07-20T12:38:53.959Z","category":"api","severity":"info","event":"HTTP_REQUEST","sessionId":null,"message":"GET /api/admin/reports?range=weekly -> 200","meta":{"method":"GET","path":"/api/admin/reports?range=weekly","statusCode":200,"durationMs":1}}
{"timestamp":"2026-07-20T12:38:53.963Z","category":"api","severity":"info","event":"HTTP_REQUEST","sessionId":null,"message":"GET /api/admin/dashboard -> 200","meta":{"method":"GET","path":"/api/admin/dashboard","statusCode":200,"durationMs":8}}
{"timestamp":"2026-07-20T12:38:53.965Z","category":"api","severity":"info","event":"HTTP_REQUEST","sessionId":null,"message":"GET /api/admin/security -> 200","meta":{"method":"GET","path":"/api/admin/security","statusCode":200,"durationMs":5}}
{"timestamp":"2026-07-20T12:39:54.955Z","category":"api","severity":"info","event":"HTTP_REQUEST","sessionId":null,"message":"GET /api/admin/reports?range=weekly -> 200","meta":{"method":"GET","path":"/api/admin/reports?range=weekly","statusCode":200,"durationMs":2}}
{"timestamp":"2026-07-20T12:39:54.958Z","category":"api","severity":"info","event":"HTTP_REQUEST","sessionId":null,"message":"GET /api/admin/dashboard -> 200","meta":{"method":"GET","path":"/api/admin/dashboard","statusCode":200,"durationMs":8}}
{"timestamp":"2026-07-20T12:39:54.961Z","category":"api","severity":"info","event":"HTTP_REQUEST","sessionId":null,"message":"GET /api/admin/security -> 200","meta":{"method":"GET","path":"/api/admin/security","statusCode":200,"durationMs":6}}
{"timestamp":"2026-07-20T12:40:55.996Z","category":"api","severity":"info","event":"HTTP_REQUEST","sessionId":null,"message":"GET /api/admin/reports?range=weekly -> 200","meta":{"method":"GET","path":"/api/admin/reports?range=weekly","statusCode":200,"durationMs":1}}
{"timestamp":"2026-07-20T12:40:55.999Z","category":"api","severity":"info","event":"HTTP_REQUEST","sessionId":null,"message":"GET /api/admin/dashboard -> 200","meta":{"method":"GET","path":"/api/admin/dashboard","statusCode":200,"durationMs":48}}
{"timestamp":"2026-07-20T12:40:56.001Z","category":"api","severity":"info","event":"HTTP_REQUEST","sessionId":null,"message":"GET /api/admin/security -> 200","meta":{"method":"GET","path":"/api/admin/security","statusCode":200,"durationMs":4}}
{"timestamp":"2026-07-20T12:41:56.967Z","category":"api","severity":"info","event":"HTTP_REQUEST","sessionId":null,"message":"GET /api/admin/reports?range=weekly -> 200","meta":{"method":"GET","path":"/api/admin/reports?range=weekly","statusCode":200,"durationMs":3}}
{"timestamp":"2026-07-20T12:41:56.970Z","category":"api","severity":"info","event":"HTTP_REQUEST","sessionId":null,"message":"GET /api/admin/dashboard -> 200","meta":{"method":"GET","path":"/api/admin/dashboard","statusCode":200,"durationMs":9}}
{"timestamp":"2026-07-20T12:41:56.972Z","category":"api","severity":"info","event":"HTTP_REQUEST","sessionId":null,"message":"GET /api/admin/security -> 200","meta":{"method":"GET","path":"/api/admin/security","statusCode":200,"durationMs":5}}
{"timestamp":"2026-07-20T12:42:57.948Z","category":"api","severity":"info","event":"HTTP_REQUEST","sessionId":null,"message":"GET /api/admin/reports?range=weekly -> 200","meta":{"method":"GET","path":"/api/admin/reports?range=weekly","statusCode":200,"durationMs":1}}
{"timestamp":"2026-07-20T12:42:57.951Z","category":"api","severity":"info","event":"HTTP_REQUEST","sessionId":null,"message":"GET /api/admin/dashboard -> 200","meta":{"method":"GET","path":"/api/admin/dashboard","statusCode":200,"durationMs":6}}
{"timestamp":"2026-07-20T12:42:57.953Z","category":"api","severity":"info","event":"HTTP_REQUEST","sessionId":null,"message":"GET /api/admin/security -> 200","meta":{"method":"GET","path":"/api/admin/security","statusCode":200,"durationMs":4}}
{"timestamp":"2026-07-20T12:43:58.965Z","category":"api","severity":"info","event":"HTTP_REQUEST","sessionId":null,"message":"GET /api/admin/reports?range=weekly -> 200","meta":{"method":"GET","path":"/api/admin/reports?range=weekly","statusCode":200,"durationMs":2}}
{"timestamp":"2026-07-20T12:43:58.969Z","category":"api","severity":"info","event":"HTTP_REQUEST","sessionId":null,"message":"GET /api/admin/dashboard -> 200","meta":{"method":"GET","path":"/api/admin/dashboard","statusCode":200,"durationMs":9}}
{"timestamp":"2026-07-20T12:43:58.971Z","category":"api","severity":"info","event":"HTTP_REQUEST","sessionId":null,"message":"GET /api/admin/security -> 200","meta":{"method":"GET","path":"/api/admin/security","statusCode":200,"durationMs":5}}
{"timestamp":"2026-07-20T12:44:59.958Z","category":"api","severity":"info","event":"HTTP_REQUEST","sessionId":null,"message":"GET /api/admin/reports?range=weekly -> 200","meta":{"method":"GET","path":"/api/admin/reports?range=weekly","statusCode":200,"durationMs":2}}
{"timestamp":"2026-07-20T12:44:59.961Z","category":"api","severity":"info","event":"HTTP_REQUEST","sessionId":null,"message":"GET /api/admin/dashboard -> 200","meta":{"method":"GET","path":"/api/admin/dashboard","statusCode":200,"durationMs":7}}
{"timestamp":"2026-07-20T12:44:59.962Z","category":"api","severity":"info","event":"HTTP_REQUEST","sessionId":null,"message":"GET /api/admin/security -> 200","meta":{"method":"GET","path":"/api/admin/security","statusCode":200,"durationMs":4}}
{"timestamp":"2026-07-20T12:45:52.884Z","category":"api","severity":"info","event":"HTTP_REQUEST","sessionId":null,"message":"GET /api/admin/reports?range=weekly -> 200","meta":{"method":"GET","path":"/api/admin/reports?range=weekly","statusCode":200,"durationMs":3}}
{"timestamp":"2026-07-20T12:45:52.894Z","category":"api","severity":"info","event":"HTTP_REQUEST","sessionId":null,"message":"GET /api/admin/dashboard -> 200","meta":{"method":"GET","path":"/api/admin/dashboard","statusCode":200,"durationMs":16}}
{"timestamp":"2026-07-20T12:45:52.898Z","category":"api","severity":"info","event":"HTTP_REQUEST","sessionId":null,"message":"GET /api/admin/security -> 200","meta":{"method":"GET","path":"/api/admin/security","statusCode":200,"durationMs":11}}
{"timestamp":"2026-07-20T12:46:22.611Z","category":"api","severity":"info","event":"HTTP_REQUEST","sessionId":null,"message":"POST /api/auth/login -> 200","meta":{"method":"POST","path":"/api/auth/login","statusCode":200,"durationMs":443}}
{"timestamp":"2026-07-20T12:46:22.807Z","category":"api","severity":"info","event":"HTTP_REQUEST","sessionId":null,"message":"GET /api/admin/reports?range=weekly -> 200","meta":{"method":"GET","path":"/api/admin/reports?range=weekly","statusCode":200,"durationMs":3}}
{"timestamp":"2026-07-20T12:46:22.813Z","category":"api","severity":"info","event":"HTTP_REQUEST","sessionId":null,"message":"GET /api/auth/verify -> 304","meta":{"method":"GET","path":"/api/auth/verify","statusCode":304,"durationMs":1}}
{"timestamp":"2026-07-20T12:46:22.824Z","category":"api","severity":"info","event":"HTTP_REQUEST","sessionId":null,"message":"GET /api/admin/reports?range=weekly -> 200","meta":{"method":"GET","path":"/api/admin/reports?range=weekly","statusCode":200,"durationMs":10}}
{"timestamp":"2026-07-20T12:46:22.827Z","category":"api","severity":"info","event":"HTTP_REQUEST","sessionId":null,"message":"GET /api/admin/dashboard -> 200","meta":{"method":"GET","path":"/api/admin/dashboard","statusCode":200,"durationMs":31}}
{"timestamp":"2026-07-20T12:46:22.831Z","category":"api","severity":"info","event":"HTTP_REQUEST","sessionId":null,"message":"GET /api/admin/security -> 200","meta":{"method":"GET","path":"/api/admin/security","statusCode":200,"durationMs":22}}
{"timestamp":"2026-07-20T12:46:22.855Z","category":"api","severity":"info","event":"HTTP_REQUEST","sessionId":null,"message":"GET /api/admin/dashboard -> 200","meta":{"method":"GET","path":"/api/admin/dashboard","statusCode":200,"durationMs":20}}
{"timestamp":"2026-07-20T12:46:22.858Z","category":"api","severity":"info","event":"HTTP_REQUEST","sessionId":null,"message":"GET /api/admin/security -> 304","meta":{"method":"GET","path":"/api/admin/security","statusCode":304,"durationMs":8}}
{"timestamp":"2026-07-20T12:46:38.749Z","category":"api","severity":"info","event":"HTTP_REQUEST","sessionId":null,"message":"GET /api/auth/verify -> 304","meta":{"method":"GET","path":"/api/auth/verify","statusCode":304,"durationMs":3}}
{"timestamp":"2026-07-20T12:46:38.767Z","category":"api","severity":"info","event":"HTTP_REQUEST","sessionId":null,"message":"GET /api/auth/verify -> 304","meta":{"method":"GET","path":"/api/auth/verify","statusCode":304,"durationMs":2}}
{"timestamp":"2026-07-20T12:46:44.040Z","category":"api","severity":"info","event":"HTTP_REQUEST","sessionId":"fb68eb6d-ee64-4dd3-a73e-ae784640ca1c","message":"POST /api/chat -> 200","meta":{"method":"POST","path":"/api/chat","statusCode":200,"durationMs":1262}}
{"timestamp":"2026-07-20T12:46:52.802Z","category":"api","severity":"info","event":"HTTP_REQUEST","sessionId":null,"message":"GET /api/admin/reports?range=weekly -> 200","meta":{"method":"GET","path":"/api/admin/reports?range=weekly","statusCode":200,"durationMs":2}}
{"timestamp":"2026-07-20T12:46:52.805Z","category":"api","severity":"info","event":"HTTP_REQUEST","sessionId":null,"message":"GET /api/admin/dashboard -> 200","meta":{"method":"GET","path":"/api/admin/dashboard","statusCode":200,"durationMs":8}}
{"timestamp":"2026-07-20T12:46:52.808Z","category":"api","severity":"info","event":"HTTP_REQUEST","sessionId":null,"message":"GET /api/admin/security -> 200","meta":{"method":"GET","path":"/api/admin/security","statusCode":200,"durationMs":5}}
{"timestamp":"2026-07-20T12:46:59.990Z","category":"api","severity":"info","event":"HTTP_REQUEST","sessionId":null,"message":"GET /api/admin/system-logs/ai?page=1&limit=25 -> 200","meta":{"method":"GET","path":"/api/admin/system-logs/ai?page=1&limit=25","statusCode":200,"durationMs":4}}
{"timestamp":"2026-07-20T12:47:00.018Z","category":"api","severity":"info","event":"HTTP_REQUEST","sessionId":null,"message":"GET /api/admin/system-logs/ai?page=1&limit=25 -> 304","meta":{"method":"GET","path":"/api/admin/system-logs/ai?page=1&limit=25","statusCode":304,"durationMs":24}}
{"timestamp":"2026-07-20T12:47:02.736Z","category":"api","severity":"info","event":"HTTP_REQUEST","sessionId":null,"message":"GET /api/admin/system-logs/uploads?page=1&limit=25 -> 304","meta":{"method":"GET","path":"/api/admin/system-logs/uploads?page=1&limit=25","statusCode":304,"durationMs":3}}
{"timestamp":"2026-07-20T12:47:03.807Z","category":"api","severity":"info","event":"HTTP_REQUEST","sessionId":null,"message":"GET /api/admin/system-logs/auth?page=1&limit=25 -> 200","meta":{"method":"GET","path":"/api/admin/system-logs/auth?page=1&limit=25","statusCode":200,"durationMs":3}}
{"timestamp":"2026-07-20T12:47:04.617Z","category":"api","severity":"info","event":"HTTP_REQUEST","sessionId":null,"message":"GET /api/admin/system-logs/api?page=1&limit=25 -> 200","meta":{"method":"GET","path":"/api/admin/system-logs/api?page=1&limit=25","statusCode":200,"durationMs":4}}
{"timestamp":"2026-07-20T12:47:12.756Z","category":"api","severity":"info","event":"HTTP_REQUEST","sessionId":null,"message":"GET /api/admin/system-logs/errors?page=1&limit=25 -> 304","meta":{"method":"GET","path":"/api/admin/system-logs/errors?page=1&limit=25","statusCode":304,"durationMs":17}}
{"timestamp":"2026-07-20T12:47:15.091Z","category":"api","severity":"info","event":"HTTP_REQUEST","sessionId":null,"message":"GET /api/admin/system-logs/uploads?page=1&limit=25 -> 304","meta":{"method":"GET","path":"/api/admin/system-logs/uploads?page=1&limit=25","statusCode":304,"durationMs":2}}
{"timestamp":"2026-07-20T12:47:16.192Z","category":"api","severity":"info","event":"HTTP_REQUEST","sessionId":null,"message":"GET /api/admin/system-logs/auth?page=1&limit=25 -> 304","meta":{"method":"GET","path":"/api/admin/system-logs/auth?page=1&limit=25","statusCode":304,"durationMs":3}}
{"timestamp":"2026-07-20T12:47:24.245Z","category":"api","severity":"info","event":"HTTP_REQUEST","sessionId":null,"message":"GET /api/admin/system-logs/ai?page=1&limit=25 -> 304","meta":{"method":"GET","path":"/api/admin/system-logs/ai?page=1&limit=25","statusCode":304,"durationMs":3}}
{"timestamp":"2026-07-20T12:47:27.569Z","category":"api","severity":"info","event":"HTTP_REQUEST","sessionId":null,"message":"GET /api/admin/system-logs/api?page=1&limit=25 -> 200","meta":{"method":"GET","path":"/api/admin/system-logs/api?page=1&limit=25","statusCode":200,"durationMs":5}}
{"timestamp":"2026-07-20T12:47:28.743Z","category":"api","severity":"info","event":"HTTP_REQUEST","sessionId":null,"message":"GET /api/admin/system-logs/uploads?page=1&limit=25 -> 304","meta":{"method":"GET","path":"/api/admin/system-logs/uploads?page=1&limit=25","statusCode":304,"durationMs":2}}
{"timestamp":"2026-07-20T12:47:29.606Z","category":"api","severity":"info","event":"HTTP_REQUEST","sessionId":null,"message":"GET /api/admin/system-logs/errors?page=1&limit=25 -> 304","meta":{"method":"GET","path":"/api/admin/system-logs/errors?page=1&limit=25","statusCode":304,"durationMs":3}}
{"timestamp":"2026-07-20T12:47:30.783Z","category":"api","severity":"info","event":"HTTP_REQUEST","sessionId":null,"message":"GET /api/admin/system-logs/performance?page=1&limit=25 -> 200","meta":{"method":"GET","path":"/api/admin/system-logs/performance?page=1&limit=25","statusCode":200,"durationMs":3}}
{"timestamp":"2026-07-20T12:47:31.891Z","category":"api","severity":"info","event":"HTTP_REQUEST","sessionId":null,"message":"GET /api/admin/system-logs/system?page=1&limit=25 -> 200","meta":{"method":"GET","path":"/api/admin/system-logs/system?page=1&limit=25","statusCode":200,"durationMs":3}}
{"timestamp":"2026-07-20T12:47:33.270Z","category":"api","severity":"info","event":"HTTP_REQUEST","sessionId":null,"message":"GET /api/admin/system-logs/vision?page=1&limit=25 -> 304","meta":{"method":"GET","path":"/api/admin/system-logs/vision?page=1&limit=25","statusCode":304,"durationMs":2}}
{"timestamp":"2026-07-20T12:47:34.063Z","category":"api","severity":"info","event":"HTTP_REQUEST","sessionId":null,"message":"GET /api/admin/system-logs/ocr?page=1&limit=25 -> 304","meta":{"method":"GET","path":"/api/admin/system-logs/ocr?page=1&limit=25","statusCode":304,"durationMs":3}}
{"timestamp":"2026-07-20T12:47:35.936Z","category":"api","severity":"info","event":"HTTP_REQUEST","sessionId":null,"message":"GET /api/admin/system-logs/ai?page=1&limit=25 -> 304","meta":{"method":"GET","path":"/api/admin/system-logs/ai?page=1&limit=25","statusCode":304,"durationMs":4}}
{"timestamp":"2026-07-20T12:47:42.237Z","category":"api","severity":"info","event":"HTTP_REQUEST","sessionId":null,"message":"GET /api/admin/reports?range=weekly -> 200","meta":{"method":"GET","path":"/api/admin/reports?range=weekly","statusCode":200,"durationMs":3}}
{"timestamp":"2026-07-20T12:47:42.243Z","category":"api","severity":"info","event":"HTTP_REQUEST","sessionId":null,"message":"GET /api/admin/dashboard -> 200","meta":{"method":"GET","path":"/api/admin/dashboard","statusCode":200,"durationMs":14}}
{"timestamp":"2026-07-20T12:47:42.246Z","category":"api","severity":"info","event":"HTTP_REQUEST","sessionId":null,"message":"GET /api/admin/reports?range=weekly -> 200","meta":{"method":"GET","path":"/api/admin/reports?range=weekly","statusCode":200,"durationMs":2}}
{"timestamp":"2026-07-20T12:47:42.248Z","category":"api","severity":"info","event":"HTTP_REQUEST","sessionId":null,"message":"GET /api/admin/security -> 304","meta":{"method":"GET","path":"/api/admin/security","statusCode":304,"durationMs":9}}
{"timestamp":"2026-07-20T12:47:42.272Z","category":"api","severity":"info","event":"HTTP_REQUEST","sessionId":null,"message":"GET /api/admin/dashboard -> 200","meta":{"method":"GET","path":"/api/admin/dashboard","statusCode":200,"durationMs":15}}
{"timestamp":"2026-07-20T12:47:42.273Z","category":"api","severity":"info","event":"HTTP_REQUEST","sessionId":null,"message":"GET /api/admin/security -> 304","meta":{"method":"GET","path":"/api/admin/security","statusCode":304,"durationMs":4}}
{"timestamp":"2026-07-20T12:48:12.962Z","category":"api","severity":"info","event":"HTTP_REQUEST","sessionId":null,"message":"GET /api/admin/reports?range=weekly -> 200","meta":{"method":"GET","path":"/api/admin/reports?range=weekly","statusCode":200,"durationMs":1}}
{"timestamp":"2026-07-20T12:48:12.966Z","category":"api","severity":"info","event":"HTTP_REQUEST","sessionId":null,"message":"GET /api/admin/dashboard -> 200","meta":{"method":"GET","path":"/api/admin/dashboard","statusCode":200,"durationMs":8}}
{"timestamp":"2026-07-20T12:48:12.967Z","category":"api","severity":"info","event":"HTTP_REQUEST","sessionId":null,"message":"GET /api/admin/security -> 304","meta":{"method":"GET","path":"/api/admin/security","statusCode":304,"durationMs":4}}
